[debug] [2019-10-28T23:43:01.064Z] ----------------------------------------------------------------------
[debug] [2019-10-28T23:43:01.066Z] Command:       /usr/local/bin/node /usr/local/bin/firebase init
[debug] [2019-10-28T23:43:01.066Z] CLI Version:   7.6.1
[debug] [2019-10-28T23:43:01.066Z] Platform:      darwin
[debug] [2019-10-28T23:43:01.066Z] Node Version:  v12.12.0
[debug] [2019-10-28T23:43:01.067Z] Time:          Mon Oct 28 2019 17:43:01 GMT-0600 (Central Standard Time)
[debug] [2019-10-28T23:43:01.067Z] ----------------------------------------------------------------------
[debug] [2019-10-28T23:43:01.067Z] 
[debug] [2019-10-28T23:43:01.073Z] > command requires scopes: ["email","openid","https://www.googleapis.com/auth/cloudplatformprojects.readonly","https://www.googleapis.com/auth/firebase","https://www.googleapis.com/auth/cloud-platform"]
[debug] [2019-10-28T23:43:01.074Z] > authorizing via signed-in user
[info] 
     ######## #### ########  ######## ########     ###     ######  ########
     ##        ##  ##     ## ##       ##     ##  ##   ##  ##       ##
     ######    ##  ########  ######   ########  #########  ######  ######
     ##        ##  ##    ##  ##       ##     ## ##     ##       ## ##
     ##       #### ##     ## ######## ########  ##     ##  ######  ########

You're about to initialize a Firebase project in this directory:

  /Users/dyan/Sites/Clients/getcourage.org

Before we get started, keep in mind:

  * You are initializing in an existing Firebase project directory

[info] 
=== Project Setup
[info] 
[info] First, let's associate this project directory with a Firebase project.
[info] You can create multiple project aliases by running firebase use --add, 
[info] but for now we'll just set up a default project.
[info] 
[info] i  .firebaserc already has a default project, using getcourage-letsencrypt-web.
[debug] [2019-10-28T23:43:03.632Z] >>> HTTP REQUEST GET https://firebase.googleapis.com/v1beta1/projects/getcourage-letsencrypt-web  
 
[debug] [2019-10-28T23:43:04.052Z] <<< HTTP RESPONSE 403
[debug] [2019-10-28T23:43:04.053Z] <<< HTTP RESPONSE BODY
[debug] [2019-10-28T23:43:04.054Z] HTTP Error: 403, The caller does not have permission
[debug] [2019-10-28T23:43:04.055Z] FirebaseError: HTTP Error: 403, The caller does not have permission
    at module.exports (/usr/local/Cellar/firebase-cli/7.6.1/libexec/lib/node_modules/firebase-tools/lib/responseToError.js:38:12)
    at Request._callback (/usr/local/Cellar/firebase-cli/7.6.1/libexec/lib/node_modules/firebase-tools/lib/api.js:39:35)
    at Request.self.callback (/usr/local/Cellar/firebase-cli/7.6.1/libexec/lib/node_modules/firebase-tools/node_modules/request/request.js:185:22)
    at Request.emit (events.js:210:5)
    at Request.EventEmitter.emit (domain.js:476:20)
    at Request.<anonymous> (/usr/local/Cellar/firebase-cli/7.6.1/libexec/lib/node_modules/firebase-tools/node_modules/request/request.js:1161:10)
    at Request.emit (events.js:210:5)
    at Request.EventEmitter.emit (domain.js:476:20)
    at IncomingMessage.<anonymous> (/usr/local/Cellar/firebase-cli/7.6.1/libexec/lib/node_modules/firebase-tools/node_modules/request/request.js:1083:12)
    at Object.onceWrapper (events.js:299:28)
[error] 
[error] Error: Failed to get Firebase project getcourage-letsencrypt-web. Please make sure the project exists and your account has permission to access it.
